<?xml version="1.0" encoding="UTF-8"?>
<!-- Generated by org.testng.reporters.JUnitReportReporter -->
<testsuite hostname="DeepakV_DSG" failures="0" tests="2" name="DigibankerUnpostedBillsPayment.DigibankerUnpostedBillsPayment" time="132.681" errors="0" timestamp="2022-10-26T16:43:06 IST" skipped="0">
  <testcase classname="DigibankerUnpostedBillsPayment.DigibankerUnpostedBillsPayment" name="Digibanker" time="81.746"/>
  <system-out/>
  <testcase classname="DigibankerUnpostedBillsPayment.DigibankerUnpostedBillsPayment" name="stage1" time="50.935"/>
  <system-out/>
</testsuite> <!-- DigibankerUnpostedBillsPayment.DigibankerUnpostedBillsPayment -->
