<?xml version="1.0" encoding="UTF-8"?>
<!-- Generated by org.testng.reporters.JUnitReportReporter -->
<testsuite hostname="DeepakV_DSG" failures="0" tests="3" name="CASE_AccountBalanceComputation" time="150.614" errors="0" timestamp="2022-10-26T11:20:27 IST" skipped="0">
  <testcase classname="CASE_AccountBalanceComputation" name="individualCustomercreditCardCaseJourney" time="74.006"/>
  <system-out/>
  <testcase classname="CASE_AccountBalanceComputation" name="stage1" time="37.162"/>
  <system-out/>
  <testcase classname="CASE_AccountBalanceComputation" name="stage2" time="39.446"/>
  <system-out/>
</testsuite> <!-- CASE_AccountBalanceComputation -->
