<?xml version="1.0" encoding="UTF-8"?>
<!-- Generated by org.testng.reporters.JUnitReportReporter -->
<testsuite hostname="DeepakV_DSG" failures="0" tests="2" name="McChargeback.McChargeback" time="116.165" errors="0" timestamp="2022-10-26T17:05:51 IST" skipped="0">
  <testcase classname="McChargeback.McChargeback" name="Digibanker" time="72.061"/>
  <system-out/>
  <testcase classname="McChargeback.McChargeback" name="stage1" time="44.104"/>
  <system-out/>
</testsuite> <!-- McChargeback.McChargeback -->
